c[?7l[2J[0mSeaBIOS (version 1.14.0-2)


iPXE (http://ipxe.org) 00:03.0 CA00 PCI2.10 PnP PMM+07F8F4C0+07ECF4C0 CA00
Press Ctrl-B to configure iPXE (PCI 00:03.0)...                                                                               


Booting from Hard Disk..(THU.CST) os is loading ...

Special kernel symbols:
  entry  0x00100000 (phys)
  etext  0x00103603 (phys)
  edata  0x0010fa16 (phys)
  end    0x00110d08 (phys)
Kernel executable memory footprint: 68KB
ebp:0x00007b28 eip:0x001009ce args:0x00010094 0x00010094 0x00007b58 0x00100093 
    kern/debug/kdebug.c:0: print_stackframe+10
ebp:0x00007b38 eip:0x00100cc7 args:0x00000000 0x00000000 0x00000000 0x00007ba8 
    kern/debug/kmonitor.c:125: mon_backtrace+10
ebp:0x00007b58 eip:0x00100093 args:0x00000000 0x00007b80 0xffff0000 0x00007b84 
    kern/init/init.c:50: grade_backtrace2+33
ebp:0x00007b78 eip:0x001000c1 args:0x00000000 0xffff0000 0x00007ba4 0x00000029 
    kern/init/init.c:56: grade_backtrace1+40
ebp:0x00007b98 eip:0x001000e1 args:0x00000000 0x00100000 0xffff0000 0x0000001d 
    kern/init/init.c:62: grade_backtrace0+23
ebp:0x00007bb8 eip:0x00100109 args:0x0010363c 0x00103620 0x000012f2 0x00000000 
    kern/init/init.c:67: grade_backtrace+34
ebp:0x00007be8 eip:0x00100051 args:0x00000000 0x00000000 0x00000000 0x00007c4f 
    kern/init/init.c:28: kern_init+80
ebp:0x00007bf8 eip:0x00007d70 args:0xc031fcfa 0xc08ed88e 0x64e4d08e 0xfa7502a8 
    <unknow>: -- 0x00007d6f --
++ setup timer interrupts
0: @ring 0
0:  cs = 8
0:  ds = 10
0:  es = 10
0:  ss = 10
+++ switch to  user  mode +++
1: @ring 3
1:  cs = 1b
1:  ds = 23
1:  es = 23
1:  ss = 23
+++ switch to kernel mode +++
trapframe at 0x7b54
  edi  0x00000000
  esi  0x00010094
  ebp  0x00007b98
  oesp 0x00007b74
  ebx  0x00010094
  edx  0x001036c7
  ecx  0x00000000
  eax  0x0000001e
  ds   0x----0010
  es   0x----0010
  fs   0x----0010
  gs   0x----0010
  trap 0x0000000d General Protection
  err  0x00007bb8
  eip  0x00100204
  cs   0x----0008
  flag 0x00003206 PF,IF,IOPL=3
kernel panic at kern/trap/trap.c:219:
    unexpected trap in kernel.

stack trackback:
ebp:0x00007ac8 eip:0x001009ce args:0x00103904 0x00007b0c 0x000000db 0x00102cc3 
    kern/debug/kdebug.c:0: print_stackframe+10
ebp:0x00007af8 eip:0x00100d38 args:0x001039ae 0x000000db 0x00103b8a 0x0010034d 
    kern/debug/panic.c:27: __panic+103
ebp:0x00007b28 eip:0x00101ee9 args:0x00007b54 0x00010094 0x00007b68 0x0010034d 
    kern/trap/trap.c:219: trap_dispatch+473
ebp:0x00007b48 eip:0x00101f03 args:0x00007b54 0x00000000 0x00010094 0x00007b98 
    kern/trap/trap.c:232: trap+16
ebp:0x00007b98 eip:0x00101f1e args:0x001036a8 0x00000020 0x00000000 0x001016be 
    kern/trap/trapentry.S:24: <unknown>+0
ebp:0x00007bb8 eip:0x0010023b args:0x0010363c 0x00103620 0x000012f2 0x00000000 
    kern/init/init.c:129: lab1_switch_test+49
ebp:0x00007be8 eip:0x0010006f args:0x00000000 0x00000000 0x00000000 0x00007c4f 
    kern/init/init.c:40: kern_init+110
ebp:0x00007bf8 eip:0x00007d70 args:0xc031fcfa 0xc08ed88e 0x64e4d08e 0xfa7502a8 
    <unknow>: -- 0x00007d6f --
Welcome to the kernel debug monitor!!
Type 'help' for a list of commands.
K> 